Terminals unused in grammar

   TK_PR_IF
   TK_PR_THEN
   TK_PR_ELSE
   TK_PR_WHILE
   TK_PR_DO
   TK_PR_RETURN
   TK_PR_FOREACH
   TK_PR_FOR
   TK_PR_SWITCH
   TK_PR_CASE
   TK_PR_BREAK
   TK_PR_CONTINUE
   TK_OC_GE
   TK_OC_EQ
   TK_OC_NE
   TK_OC_AND
   TK_OC_OR
   TK_OC_SL
   TK_OC_SR
   TK_OC_FORWARD_PIPE
   TK_OC_BASH_PIPE
   TOKEN_ERRO


Grammar

    0 $accept: programa $end

    1 programa: %empty
    2         | componente programa

    3 componente: novoTipo
    4           | TK_IDENTIFICADOR depoisDeIdent
    5           | tiposPrimitivos TK_IDENTIFICADOR argsAndCommands
    6           | TK_PR_STATIC tipo TK_IDENTIFICADOR argsAndCommands

    7 depoisDeIdent: tamanhoVetor static tipo ';'
    8              | TK_PR_STATIC tipo ';'
    9              | tiposPrimitivos ';'
   10              | TK_IDENTIFICADOR fechaVarOuFunc

   11 fechaVarOuFunc: ';'
   12               | argsAndCommands

   13 encapsulamento: %empty
   14               | TK_PR_PRIVATE
   15               | TK_PR_PUBLIC
   16               | TK_PR_PROTECTED

   17 tiposPrimitivos: TK_PR_INT
   18                | TK_PR_FLOAT
   19                | TK_PR_BOOL
   20                | TK_PR_CHAR
   21                | TK_PR_STRING

   22 tipo: tiposPrimitivos
   23     | TK_IDENTIFICADOR

   24 static: TK_PR_STATIC
   25       | %empty

   26 tipoConst: TK_PR_CONST tipo
   27          | tipo

   28 literais: TK_LIT_INT
   29         | TK_LIT_FLOAT
   30         | TK_LIT_FALSE
   31         | TK_LIT_TRUE
   32         | TK_LIT_CHAR
   33         | TK_LIT_STRING

   34 novoTipo: TK_PR_CLASS TK_IDENTIFICADOR listaCampos

   35 listaCampos: '[' list ']'

   36 list: campo
   37     | campo ':' list

   38 campo: encapsulamento tiposPrimitivos TK_IDENTIFICADOR

   39 tamanhoVetor: '[' TK_LIT_INT ']'

   40 args: %empty
   41     | parameters

   42 parameters: parameter ',' parameters
   43           | parameter

   44 parameter: tipoConst TK_IDENTIFICADOR

   45 argsAndCommands: '(' args ')' blocoComandos

   46 blocoComandos: '{' comandos '}'

   47 comando: blocoComandos
   48        | comandoSimples ';'

   49 comandos: %empty
   50         | comando comandos

   51 comandoSimples: localVarDefinition
   52               | assignment
   53               | input
   54               | output
   55               | funcCall

   56 localVarDefinition: TK_PR_STATIC TK_IDENTIFICADOR TK_IDENTIFICADOR
   57                   | TK_PR_CONST TK_IDENTIFICADOR TK_IDENTIFICADOR
   58                   | TK_PR_STATIC TK_PR_CONST TK_IDENTIFICADOR TK_IDENTIFICADOR
   59                   | TK_IDENTIFICADOR TK_IDENTIFICADOR
   60                   | TK_PR_STATIC tiposPrimitivos TK_IDENTIFICADOR
   61                   | TK_PR_CONST tiposPrimitivos TK_IDENTIFICADOR
   62                   | TK_PR_STATIC TK_PR_CONST tiposPrimitivos TK_IDENTIFICADOR
   63                   | tiposPrimitivos TK_IDENTIFICADOR
   64                   | TK_PR_STATIC tiposPrimitivos TK_IDENTIFICADOR TK_OC_LE TK_IDENTIFICADOR
   65                   | TK_PR_CONST tiposPrimitivos TK_IDENTIFICADOR TK_OC_LE TK_IDENTIFICADOR
   66                   | TK_PR_STATIC TK_PR_CONST tiposPrimitivos TK_IDENTIFICADOR TK_OC_LE TK_IDENTIFICADOR
   67                   | tiposPrimitivos TK_IDENTIFICADOR TK_OC_LE TK_IDENTIFICADOR
   68                   | TK_PR_STATIC TK_PR_CONST tiposPrimitivos TK_IDENTIFICADOR TK_OC_LE literais
   69                   | TK_PR_STATIC tiposPrimitivos TK_IDENTIFICADOR TK_OC_LE literais
   70                   | TK_PR_CONST tiposPrimitivos TK_IDENTIFICADOR TK_OC_LE literais
   71                   | tiposPrimitivos TK_IDENTIFICADOR TK_OC_LE literais

   72 assignment: TK_IDENTIFICADOR '=' expression
   73           | TK_IDENTIFICADOR '[' expression ']' '=' expression
   74           | TK_IDENTIFICADOR '$' TK_IDENTIFICADOR '=' expression
   75           | TK_IDENTIFICADOR '[' expression ']' '$' TK_IDENTIFICADOR '=' expression

   76 input: TK_PR_INPUT expression

   77 output: TK_PR_OUTPUT expression continueOutput
   78       | TK_PR_OUTPUT expression

   79 continueOutput: ',' expression
   80               | ',' expression continueOutput

   81 funcCall: TK_IDENTIFICADOR '(' argsCall ')'

   82 argsCall: argCall
   83         | argsCall ',' argCall

   84 argCall: expression
   85        | '.'

   86 expression: parenthesisOrOperand arithmeticOperator expression
   87           | parenthesisOrOperand

   88 parenthesisOrOperand: '(' expression ')'
   89                     | arithmeticOperand
   90                     | '-' '(' expression ')'
   91                     | '+' '(' expression ')'

   92 arithmeticOperand: TK_IDENTIFICADOR
   93                  | TK_IDENTIFICADOR '[' expression ']'
   94                  | TK_LIT_INT
   95                  | TK_LIT_FLOAT
   96                  | '+' unaryArithmeticOperand
   97                  | '-' unaryArithmeticOperand

   98 unaryArithmeticOperand: TK_IDENTIFICADOR
   99                       | TK_IDENTIFICADOR '[' expression ']'
  100                       | TK_LIT_INT
  101                       | TK_LIT_FLOAT

  102 arithmeticOperator: '+'
  103                   | '-'
  104                   | '*'
  105                   | '/'
  106                   | '%'
  107                   | '^'


Terminals, with rules where they appear

$end (0) 0
'$' (36) 74 75
'%' (37) 106
'(' (40) 45 81 88 90 91
')' (41) 45 81 88 90 91
'*' (42) 104
'+' (43) 91 96 102
',' (44) 42 79 80 83
'-' (45) 90 97 103
'.' (46) 85
'/' (47) 105
':' (58) 37
';' (59) 7 8 9 11 48
'=' (61) 72 73 74 75
'[' (91) 35 39 73 75 93 99
']' (93) 35 39 73 75 93 99
'^' (94) 107
'{' (123) 46
'}' (125) 46
error (256)
TK_PR_INT (258) 17
TK_PR_FLOAT (259) 18
TK_PR_BOOL (260) 19
TK_PR_CHAR (261) 20
TK_PR_STRING (262) 21
TK_PR_IF (263)
TK_PR_THEN (264)
TK_PR_ELSE (265)
TK_PR_WHILE (266)
TK_PR_DO (267)
TK_PR_INPUT (268) 76
TK_PR_OUTPUT (269) 77 78
TK_PR_RETURN (270)
TK_PR_CONST (271) 26 57 58 61 62 65 66 68 70
TK_PR_STATIC (272) 6 8 24 56 58 60 62 64 66 68 69
TK_PR_FOREACH (273)
TK_PR_FOR (274)
TK_PR_SWITCH (275)
TK_PR_CASE (276)
TK_PR_BREAK (277)
TK_PR_CONTINUE (278)
TK_PR_CLASS (279) 34
TK_PR_PRIVATE (280) 14
TK_PR_PUBLIC (281) 15
TK_PR_PROTECTED (282) 16
TK_OC_LE (283) 64 65 66 67 68 69 70 71
TK_OC_GE (284)
TK_OC_EQ (285)
TK_OC_NE (286)
TK_OC_AND (287)
TK_OC_OR (288)
TK_OC_SL (289)
TK_OC_SR (290)
TK_OC_FORWARD_PIPE (291)
TK_OC_BASH_PIPE (292)
TK_LIT_INT (293) 28 39 94 100
TK_LIT_FLOAT (294) 29 95 101
TK_LIT_FALSE (295) 30
TK_LIT_TRUE (296) 31
TK_LIT_CHAR (297) 32
TK_LIT_STRING (298) 33
TK_IDENTIFICADOR (299) 4 5 6 10 23 34 38 44 56 57 58 59 60 61 62 63
    64 65 66 67 68 69 70 71 72 73 74 75 81 92 93 98 99
TOKEN_ERRO (300)


Nonterminals, with rules where they appear

$accept (64)
    on left: 0
programa (65)
    on left: 1 2, on right: 0 2
componente (66)
    on left: 3 4 5 6, on right: 2
depoisDeIdent (67)
    on left: 7 8 9 10, on right: 4
fechaVarOuFunc (68)
    on left: 11 12, on right: 10
encapsulamento (69)
    on left: 13 14 15 16, on right: 38
tiposPrimitivos (70)
    on left: 17 18 19 20 21, on right: 5 9 22 38 60 61 62 63 64 65
    66 67 68 69 70 71
tipo (71)
    on left: 22 23, on right: 6 7 8 26 27
static (72)
    on left: 24 25, on right: 7
tipoConst (73)
    on left: 26 27, on right: 44
literais (74)
    on left: 28 29 30 31 32 33, on right: 68 69 70 71
novoTipo (75)
    on left: 34, on right: 3
listaCampos (76)
    on left: 35, on right: 34
list (77)
    on left: 36 37, on right: 35 37
campo (78)
    on left: 38, on right: 36 37
tamanhoVetor (79)
    on left: 39, on right: 7
args (80)
    on left: 40 41, on right: 45
parameters (81)
    on left: 42 43, on right: 41 42
parameter (82)
    on left: 44, on right: 42 43
argsAndCommands (83)
    on left: 45, on right: 5 6 12
blocoComandos (84)
    on left: 46, on right: 45 47
comando (85)
    on left: 47 48, on right: 50
comandos (86)
    on left: 49 50, on right: 46 50
comandoSimples (87)
    on left: 51 52 53 54 55, on right: 48
localVarDefinition (88)
    on left: 56 57 58 59 60 61 62 63 64 65 66 67 68 69 70 71, on right:
    51
assignment (89)
    on left: 72 73 74 75, on right: 52
input (90)
    on left: 76, on right: 53
output (91)
    on left: 77 78, on right: 54
continueOutput (92)
    on left: 79 80, on right: 77 80
funcCall (93)
    on left: 81, on right: 55
argsCall (94)
    on left: 82 83, on right: 81 83
argCall (95)
    on left: 84 85, on right: 82 83
expression (96)
    on left: 86 87, on right: 72 73 74 75 76 77 78 79 80 84 86 88 90
    91 93 99
parenthesisOrOperand (97)
    on left: 88 89 90 91, on right: 86 87
arithmeticOperand (98)
    on left: 92 93 94 95 96 97, on right: 89
unaryArithmeticOperand (99)
    on left: 98 99 100 101, on right: 96 97
arithmeticOperator (100)
    on left: 102 103 104 105 106 107, on right: 86


State 0

    0 $accept: . programa $end

    TK_PR_INT         shift, and go to state 1
    TK_PR_FLOAT       shift, and go to state 2
    TK_PR_BOOL        shift, and go to state 3
    TK_PR_CHAR        shift, and go to state 4
    TK_PR_STRING      shift, and go to state 5
    TK_PR_STATIC      shift, and go to state 6
    TK_PR_CLASS       shift, and go to state 7
    TK_IDENTIFICADOR  shift, and go to state 8

    $default  reduce using rule 1 (programa)

    programa         go to state 9
    componente       go to state 10
    tiposPrimitivos  go to state 11
    novoTipo         go to state 12


State 1

   17 tiposPrimitivos: TK_PR_INT .

    $default  reduce using rule 17 (tiposPrimitivos)


State 2

   18 tiposPrimitivos: TK_PR_FLOAT .

    $default  reduce using rule 18 (tiposPrimitivos)


State 3

   19 tiposPrimitivos: TK_PR_BOOL .

    $default  reduce using rule 19 (tiposPrimitivos)


State 4

   20 tiposPrimitivos: TK_PR_CHAR .

    $default  reduce using rule 20 (tiposPrimitivos)


State 5

   21 tiposPrimitivos: TK_PR_STRING .

    $default  reduce using rule 21 (tiposPrimitivos)


State 6

    6 componente: TK_PR_STATIC . tipo TK_IDENTIFICADOR argsAndCommands

    TK_PR_INT         shift, and go to state 1
    TK_PR_FLOAT       shift, and go to state 2
    TK_PR_BOOL        shift, and go to state 3
    TK_PR_CHAR        shift, and go to state 4
    TK_PR_STRING      shift, and go to state 5
    TK_IDENTIFICADOR  shift, and go to state 13

    tiposPrimitivos  go to state 14
    tipo             go to state 15


State 7

   34 novoTipo: TK_PR_CLASS . TK_IDENTIFICADOR listaCampos

    TK_IDENTIFICADOR  shift, and go to state 16


State 8

    4 componente: TK_IDENTIFICADOR . depoisDeIdent

    TK_PR_INT         shift, and go to state 1
    TK_PR_FLOAT       shift, and go to state 2
    TK_PR_BOOL        shift, and go to state 3
    TK_PR_CHAR        shift, and go to state 4
    TK_PR_STRING      shift, and go to state 5
    TK_PR_STATIC      shift, and go to state 17
    TK_IDENTIFICADOR  shift, and go to state 18
    '['               shift, and go to state 19

    depoisDeIdent    go to state 20
    tiposPrimitivos  go to state 21
    tamanhoVetor     go to state 22


State 9

    0 $accept: programa . $end

    $end  shift, and go to state 23


State 10

    2 programa: componente . programa

    TK_PR_INT         shift, and go to state 1
    TK_PR_FLOAT       shift, and go to state 2
    TK_PR_BOOL        shift, and go to state 3
    TK_PR_CHAR        shift, and go to state 4
    TK_PR_STRING      shift, and go to state 5
    TK_PR_STATIC      shift, and go to state 6
    TK_PR_CLASS       shift, and go to state 7
    TK_IDENTIFICADOR  shift, and go to state 8

    $default  reduce using rule 1 (programa)

    programa         go to state 24
    componente       go to state 10
    tiposPrimitivos  go to state 11
    novoTipo         go to state 12


State 11

    5 componente: tiposPrimitivos . TK_IDENTIFICADOR argsAndCommands

    TK_IDENTIFICADOR  shift, and go to state 25


State 12

    3 componente: novoTipo .

    $default  reduce using rule 3 (componente)


State 13

   23 tipo: TK_IDENTIFICADOR .

    $default  reduce using rule 23 (tipo)


State 14

   22 tipo: tiposPrimitivos .

    $default  reduce using rule 22 (tipo)


State 15

    6 componente: TK_PR_STATIC tipo . TK_IDENTIFICADOR argsAndCommands

    TK_IDENTIFICADOR  shift, and go to state 26


State 16

   34 novoTipo: TK_PR_CLASS TK_IDENTIFICADOR . listaCampos

    '['  shift, and go to state 27

    listaCampos  go to state 28


State 17

    8 depoisDeIdent: TK_PR_STATIC . tipo ';'

    TK_PR_INT         shift, and go to state 1
    TK_PR_FLOAT       shift, and go to state 2
    TK_PR_BOOL        shift, and go to state 3
    TK_PR_CHAR        shift, and go to state 4
    TK_PR_STRING      shift, and go to state 5
    TK_IDENTIFICADOR  shift, and go to state 13

    tiposPrimitivos  go to state 14
    tipo             go to state 29


State 18

   10 depoisDeIdent: TK_IDENTIFICADOR . fechaVarOuFunc

    ';'  shift, and go to state 30
    '('  shift, and go to state 31

    fechaVarOuFunc   go to state 32
    argsAndCommands  go to state 33


State 19

   39 tamanhoVetor: '[' . TK_LIT_INT ']'

    TK_LIT_INT  shift, and go to state 34


State 20

    4 componente: TK_IDENTIFICADOR depoisDeIdent .

    $default  reduce using rule 4 (componente)


State 21

    9 depoisDeIdent: tiposPrimitivos . ';'

    ';'  shift, and go to state 35


State 22

    7 depoisDeIdent: tamanhoVetor . static tipo ';'

    TK_PR_STATIC  shift, and go to state 36

    $default  reduce using rule 25 (static)

    static  go to state 37


State 23

    0 $accept: programa $end .

    $default  accept


State 24

    2 programa: componente programa .

    $default  reduce using rule 2 (programa)


State 25

    5 componente: tiposPrimitivos TK_IDENTIFICADOR . argsAndCommands

    '('  shift, and go to state 31

    argsAndCommands  go to state 38


State 26

    6 componente: TK_PR_STATIC tipo TK_IDENTIFICADOR . argsAndCommands

    '('  shift, and go to state 31

    argsAndCommands  go to state 39


State 27

   35 listaCampos: '[' . list ']'

    TK_PR_PRIVATE    shift, and go to state 40
    TK_PR_PUBLIC     shift, and go to state 41
    TK_PR_PROTECTED  shift, and go to state 42

    $default  reduce using rule 13 (encapsulamento)

    encapsulamento  go to state 43
    list            go to state 44
    campo           go to state 45


State 28

   34 novoTipo: TK_PR_CLASS TK_IDENTIFICADOR listaCampos .

    $default  reduce using rule 34 (novoTipo)


State 29

    8 depoisDeIdent: TK_PR_STATIC tipo . ';'

    ';'  shift, and go to state 46


State 30

   11 fechaVarOuFunc: ';' .

    $default  reduce using rule 11 (fechaVarOuFunc)


State 31

   45 argsAndCommands: '(' . args ')' blocoComandos

    TK_PR_INT         shift, and go to state 1
    TK_PR_FLOAT       shift, and go to state 2
    TK_PR_BOOL        shift, and go to state 3
    TK_PR_CHAR        shift, and go to state 4
    TK_PR_STRING      shift, and go to state 5
    TK_PR_CONST       shift, and go to state 47
    TK_IDENTIFICADOR  shift, and go to state 13

    $default  reduce using rule 40 (args)

    tiposPrimitivos  go to state 14
    tipo             go to state 48
    tipoConst        go to state 49
    args             go to state 50
    parameters       go to state 51
    parameter        go to state 52


State 32

   10 depoisDeIdent: TK_IDENTIFICADOR fechaVarOuFunc .

    $default  reduce using rule 10 (depoisDeIdent)


State 33

   12 fechaVarOuFunc: argsAndCommands .

    $default  reduce using rule 12 (fechaVarOuFunc)


State 34

   39 tamanhoVetor: '[' TK_LIT_INT . ']'

    ']'  shift, and go to state 53


State 35

    9 depoisDeIdent: tiposPrimitivos ';' .

    $default  reduce using rule 9 (depoisDeIdent)


State 36

   24 static: TK_PR_STATIC .

    $default  reduce using rule 24 (static)


State 37

    7 depoisDeIdent: tamanhoVetor static . tipo ';'

    TK_PR_INT         shift, and go to state 1
    TK_PR_FLOAT       shift, and go to state 2
    TK_PR_BOOL        shift, and go to state 3
    TK_PR_CHAR        shift, and go to state 4
    TK_PR_STRING      shift, and go to state 5
    TK_IDENTIFICADOR  shift, and go to state 13

    tiposPrimitivos  go to state 14
    tipo             go to state 54


State 38

    5 componente: tiposPrimitivos TK_IDENTIFICADOR argsAndCommands .

    $default  reduce using rule 5 (componente)


State 39

    6 componente: TK_PR_STATIC tipo TK_IDENTIFICADOR argsAndCommands .

    $default  reduce using rule 6 (componente)


State 40

   14 encapsulamento: TK_PR_PRIVATE .

    $default  reduce using rule 14 (encapsulamento)


State 41

   15 encapsulamento: TK_PR_PUBLIC .

    $default  reduce using rule 15 (encapsulamento)


State 42

   16 encapsulamento: TK_PR_PROTECTED .

    $default  reduce using rule 16 (encapsulamento)


State 43

   38 campo: encapsulamento . tiposPrimitivos TK_IDENTIFICADOR

    TK_PR_INT     shift, and go to state 1
    TK_PR_FLOAT   shift, and go to state 2
    TK_PR_BOOL    shift, and go to state 3
    TK_PR_CHAR    shift, and go to state 4
    TK_PR_STRING  shift, and go to state 5

    tiposPrimitivos  go to state 55


State 44

   35 listaCampos: '[' list . ']'

    ']'  shift, and go to state 56


State 45

   36 list: campo .
   37     | campo . ':' list

    ':'  shift, and go to state 57

    $default  reduce using rule 36 (list)


State 46

    8 depoisDeIdent: TK_PR_STATIC tipo ';' .

    $default  reduce using rule 8 (depoisDeIdent)


State 47

   26 tipoConst: TK_PR_CONST . tipo

    TK_PR_INT         shift, and go to state 1
    TK_PR_FLOAT       shift, and go to state 2
    TK_PR_BOOL        shift, and go to state 3
    TK_PR_CHAR        shift, and go to state 4
    TK_PR_STRING      shift, and go to state 5
    TK_IDENTIFICADOR  shift, and go to state 13

    tiposPrimitivos  go to state 14
    tipo             go to state 58


State 48

   27 tipoConst: tipo .

    $default  reduce using rule 27 (tipoConst)


State 49

   44 parameter: tipoConst . TK_IDENTIFICADOR

    TK_IDENTIFICADOR  shift, and go to state 59


State 50

   45 argsAndCommands: '(' args . ')' blocoComandos

    ')'  shift, and go to state 60


State 51

   41 args: parameters .

    $default  reduce using rule 41 (args)


State 52

   42 parameters: parameter . ',' parameters
   43           | parameter .

    ','  shift, and go to state 61

    $default  reduce using rule 43 (parameters)


State 53

   39 tamanhoVetor: '[' TK_LIT_INT ']' .

    $default  reduce using rule 39 (tamanhoVetor)


State 54

    7 depoisDeIdent: tamanhoVetor static tipo . ';'

    ';'  shift, and go to state 62


State 55

   38 campo: encapsulamento tiposPrimitivos . TK_IDENTIFICADOR

    TK_IDENTIFICADOR  shift, and go to state 63


State 56

   35 listaCampos: '[' list ']' .

    $default  reduce using rule 35 (listaCampos)


State 57

   37 list: campo ':' . list

    TK_PR_PRIVATE    shift, and go to state 40
    TK_PR_PUBLIC     shift, and go to state 41
    TK_PR_PROTECTED  shift, and go to state 42

    $default  reduce using rule 13 (encapsulamento)

    encapsulamento  go to state 43
    list            go to state 64
    campo           go to state 45


State 58

   26 tipoConst: TK_PR_CONST tipo .

    $default  reduce using rule 26 (tipoConst)


State 59

   44 parameter: tipoConst TK_IDENTIFICADOR .

    $default  reduce using rule 44 (parameter)


State 60

   45 argsAndCommands: '(' args ')' . blocoComandos

    '{'  shift, and go to state 65

    blocoComandos  go to state 66


State 61

   42 parameters: parameter ',' . parameters

    TK_PR_INT         shift, and go to state 1
    TK_PR_FLOAT       shift, and go to state 2
    TK_PR_BOOL        shift, and go to state 3
    TK_PR_CHAR        shift, and go to state 4
    TK_PR_STRING      shift, and go to state 5
    TK_PR_CONST       shift, and go to state 47
    TK_IDENTIFICADOR  shift, and go to state 13

    tiposPrimitivos  go to state 14
    tipo             go to state 48
    tipoConst        go to state 49
    parameters       go to state 67
    parameter        go to state 52


State 62

    7 depoisDeIdent: tamanhoVetor static tipo ';' .

    $default  reduce using rule 7 (depoisDeIdent)


State 63

   38 campo: encapsulamento tiposPrimitivos TK_IDENTIFICADOR .

    $default  reduce using rule 38 (campo)


State 64

   37 list: campo ':' list .

    $default  reduce using rule 37 (list)


State 65

   46 blocoComandos: '{' . comandos '}'

    TK_PR_INT         shift, and go to state 1
    TK_PR_FLOAT       shift, and go to state 2
    TK_PR_BOOL        shift, and go to state 3
    TK_PR_CHAR        shift, and go to state 4
    TK_PR_STRING      shift, and go to state 5
    TK_PR_INPUT       shift, and go to state 68
    TK_PR_OUTPUT      shift, and go to state 69
    TK_PR_CONST       shift, and go to state 70
    TK_PR_STATIC      shift, and go to state 71
    TK_IDENTIFICADOR  shift, and go to state 72
    '{'               shift, and go to state 65

    $default  reduce using rule 49 (comandos)

    tiposPrimitivos     go to state 73
    blocoComandos       go to state 74
    comando             go to state 75
    comandos            go to state 76
    comandoSimples      go to state 77
    localVarDefinition  go to state 78
    assignment          go to state 79
    input               go to state 80
    output              go to state 81
    funcCall            go to state 82


State 66

   45 argsAndCommands: '(' args ')' blocoComandos .

    $default  reduce using rule 45 (argsAndCommands)


State 67

   42 parameters: parameter ',' parameters .

    $default  reduce using rule 42 (parameters)


State 68

   76 input: TK_PR_INPUT . expression

    TK_LIT_INT        shift, and go to state 83
    TK_LIT_FLOAT      shift, and go to state 84
    TK_IDENTIFICADOR  shift, and go to state 85
    '('               shift, and go to state 86
    '-'               shift, and go to state 87
    '+'               shift, and go to state 88

    expression            go to state 89
    parenthesisOrOperand  go to state 90
    arithmeticOperand     go to state 91


State 69

   77 output: TK_PR_OUTPUT . expression continueOutput
   78       | TK_PR_OUTPUT . expression

    TK_LIT_INT        shift, and go to state 83
    TK_LIT_FLOAT      shift, and go to state 84
    TK_IDENTIFICADOR  shift, and go to state 85
    '('               shift, and go to state 86
    '-'               shift, and go to state 87
    '+'               shift, and go to state 88

    expression            go to state 92
    parenthesisOrOperand  go to state 90
    arithmeticOperand     go to state 91


State 70

   57 localVarDefinition: TK_PR_CONST . TK_IDENTIFICADOR TK_IDENTIFICADOR
   61                   | TK_PR_CONST . tiposPrimitivos TK_IDENTIFICADOR
   65                   | TK_PR_CONST . tiposPrimitivos TK_IDENTIFICADOR TK_OC_LE TK_IDENTIFICADOR
   70                   | TK_PR_CONST . tiposPrimitivos TK_IDENTIFICADOR TK_OC_LE literais

    TK_PR_INT         shift, and go to state 1
    TK_PR_FLOAT       shift, and go to state 2
    TK_PR_BOOL        shift, and go to state 3
    TK_PR_CHAR        shift, and go to state 4
    TK_PR_STRING      shift, and go to state 5
    TK_IDENTIFICADOR  shift, and go to state 93

    tiposPrimitivos  go to state 94


State 71

   56 localVarDefinition: TK_PR_STATIC . TK_IDENTIFICADOR TK_IDENTIFICADOR
   58                   | TK_PR_STATIC . TK_PR_CONST TK_IDENTIFICADOR TK_IDENTIFICADOR
   60                   | TK_PR_STATIC . tiposPrimitivos TK_IDENTIFICADOR
   62                   | TK_PR_STATIC . TK_PR_CONST tiposPrimitivos TK_IDENTIFICADOR
   64                   | TK_PR_STATIC . tiposPrimitivos TK_IDENTIFICADOR TK_OC_LE TK_IDENTIFICADOR
   66                   | TK_PR_STATIC . TK_PR_CONST tiposPrimitivos TK_IDENTIFICADOR TK_OC_LE TK_IDENTIFICADOR
   68                   | TK_PR_STATIC . TK_PR_CONST tiposPrimitivos TK_IDENTIFICADOR TK_OC_LE literais
   69                   | TK_PR_STATIC . tiposPrimitivos TK_IDENTIFICADOR TK_OC_LE literais

    TK_PR_INT         shift, and go to state 1
    TK_PR_FLOAT       shift, and go to state 2
    TK_PR_BOOL        shift, and go to state 3
    TK_PR_CHAR        shift, and go to state 4
    TK_PR_STRING      shift, and go to state 5
    TK_PR_CONST       shift, and go to state 95
    TK_IDENTIFICADOR  shift, and go to state 96

    tiposPrimitivos  go to state 97


State 72

   59 localVarDefinition: TK_IDENTIFICADOR . TK_IDENTIFICADOR
   72 assignment: TK_IDENTIFICADOR . '=' expression
   73           | TK_IDENTIFICADOR . '[' expression ']' '=' expression
   74           | TK_IDENTIFICADOR . '$' TK_IDENTIFICADOR '=' expression
   75           | TK_IDENTIFICADOR . '[' expression ']' '$' TK_IDENTIFICADOR '=' expression
   81 funcCall: TK_IDENTIFICADOR . '(' argsCall ')'

    TK_IDENTIFICADOR  shift, and go to state 98
    '['               shift, and go to state 99
    '('               shift, and go to state 100
    '='               shift, and go to state 101
    '$'               shift, and go to state 102


State 73

   63 localVarDefinition: tiposPrimitivos . TK_IDENTIFICADOR
   67                   | tiposPrimitivos . TK_IDENTIFICADOR TK_OC_LE TK_IDENTIFICADOR
   71                   | tiposPrimitivos . TK_IDENTIFICADOR TK_OC_LE literais

    TK_IDENTIFICADOR  shift, and go to state 103


State 74

   47 comando: blocoComandos .

    $default  reduce using rule 47 (comando)


State 75

   50 comandos: comando . comandos

    TK_PR_INT         shift, and go to state 1
    TK_PR_FLOAT       shift, and go to state 2
    TK_PR_BOOL        shift, and go to state 3
    TK_PR_CHAR        shift, and go to state 4
    TK_PR_STRING      shift, and go to state 5
    TK_PR_INPUT       shift, and go to state 68
    TK_PR_OUTPUT      shift, and go to state 69
    TK_PR_CONST       shift, and go to state 70
    TK_PR_STATIC      shift, and go to state 71
    TK_IDENTIFICADOR  shift, and go to state 72
    '{'               shift, and go to state 65

    $default  reduce using rule 49 (comandos)

    tiposPrimitivos     go to state 73
    blocoComandos       go to state 74
    comando             go to state 75
    comandos            go to state 104
    comandoSimples      go to state 77
    localVarDefinition  go to state 78
    assignment          go to state 79
    input               go to state 80
    output              go to state 81
    funcCall            go to state 82


State 76

   46 blocoComandos: '{' comandos . '}'

    '}'  shift, and go to state 105


State 77

   48 comando: comandoSimples . ';'

    ';'  shift, and go to state 106


State 78

   51 comandoSimples: localVarDefinition .

    $default  reduce using rule 51 (comandoSimples)


State 79

   52 comandoSimples: assignment .

    $default  reduce using rule 52 (comandoSimples)


State 80

   53 comandoSimples: input .

    $default  reduce using rule 53 (comandoSimples)


State 81

   54 comandoSimples: output .

    $default  reduce using rule 54 (comandoSimples)


State 82

   55 comandoSimples: funcCall .

    $default  reduce using rule 55 (comandoSimples)


State 83

   94 arithmeticOperand: TK_LIT_INT .

    $default  reduce using rule 94 (arithmeticOperand)


State 84

   95 arithmeticOperand: TK_LIT_FLOAT .

    $default  reduce using rule 95 (arithmeticOperand)


State 85

   92 arithmeticOperand: TK_IDENTIFICADOR .
   93                  | TK_IDENTIFICADOR . '[' expression ']'

    '['  shift, and go to state 107

    $default  reduce using rule 92 (arithmeticOperand)


State 86

   88 parenthesisOrOperand: '(' . expression ')'

    TK_LIT_INT        shift, and go to state 83
    TK_LIT_FLOAT      shift, and go to state 84
    TK_IDENTIFICADOR  shift, and go to state 85
    '('               shift, and go to state 86
    '-'               shift, and go to state 87
    '+'               shift, and go to state 88

    expression            go to state 108
    parenthesisOrOperand  go to state 90
    arithmeticOperand     go to state 91


State 87

   90 parenthesisOrOperand: '-' . '(' expression ')'
   97 arithmeticOperand: '-' . unaryArithmeticOperand

    TK_LIT_INT        shift, and go to state 109
    TK_LIT_FLOAT      shift, and go to state 110
    TK_IDENTIFICADOR  shift, and go to state 111
    '('               shift, and go to state 112

    unaryArithmeticOperand  go to state 113


State 88

   91 parenthesisOrOperand: '+' . '(' expression ')'
   96 arithmeticOperand: '+' . unaryArithmeticOperand

    TK_LIT_INT        shift, and go to state 109
    TK_LIT_FLOAT      shift, and go to state 110
    TK_IDENTIFICADOR  shift, and go to state 111
    '('               shift, and go to state 114

    unaryArithmeticOperand  go to state 115


State 89

   76 input: TK_PR_INPUT expression .

    $default  reduce using rule 76 (input)


State 90

   86 expression: parenthesisOrOperand . arithmeticOperator expression
   87           | parenthesisOrOperand .

    '-'  shift, and go to state 116
    '+'  shift, and go to state 117
    '*'  shift, and go to state 118
    '/'  shift, and go to state 119
    '%'  shift, and go to state 120
    '^'  shift, and go to state 121

    $default  reduce using rule 87 (expression)

    arithmeticOperator  go to state 122


State 91

   89 parenthesisOrOperand: arithmeticOperand .

    $default  reduce using rule 89 (parenthesisOrOperand)


State 92

   77 output: TK_PR_OUTPUT expression . continueOutput
   78       | TK_PR_OUTPUT expression .

    ','  shift, and go to state 123

    $default  reduce using rule 78 (output)

    continueOutput  go to state 124


State 93

   57 localVarDefinition: TK_PR_CONST TK_IDENTIFICADOR . TK_IDENTIFICADOR

    TK_IDENTIFICADOR  shift, and go to state 125


State 94

   61 localVarDefinition: TK_PR_CONST tiposPrimitivos . TK_IDENTIFICADOR
   65                   | TK_PR_CONST tiposPrimitivos . TK_IDENTIFICADOR TK_OC_LE TK_IDENTIFICADOR
   70                   | TK_PR_CONST tiposPrimitivos . TK_IDENTIFICADOR TK_OC_LE literais

    TK_IDENTIFICADOR  shift, and go to state 126


State 95

   58 localVarDefinition: TK_PR_STATIC TK_PR_CONST . TK_IDENTIFICADOR TK_IDENTIFICADOR
   62                   | TK_PR_STATIC TK_PR_CONST . tiposPrimitivos TK_IDENTIFICADOR
   66                   | TK_PR_STATIC TK_PR_CONST . tiposPrimitivos TK_IDENTIFICADOR TK_OC_LE TK_IDENTIFICADOR
   68                   | TK_PR_STATIC TK_PR_CONST . tiposPrimitivos TK_IDENTIFICADOR TK_OC_LE literais

    TK_PR_INT         shift, and go to state 1
    TK_PR_FLOAT       shift, and go to state 2
    TK_PR_BOOL        shift, and go to state 3
    TK_PR_CHAR        shift, and go to state 4
    TK_PR_STRING      shift, and go to state 5
    TK_IDENTIFICADOR  shift, and go to state 127

    tiposPrimitivos  go to state 128


State 96

   56 localVarDefinition: TK_PR_STATIC TK_IDENTIFICADOR . TK_IDENTIFICADOR

    TK_IDENTIFICADOR  shift, and go to state 129


State 97

   60 localVarDefinition: TK_PR_STATIC tiposPrimitivos . TK_IDENTIFICADOR
   64                   | TK_PR_STATIC tiposPrimitivos . TK_IDENTIFICADOR TK_OC_LE TK_IDENTIFICADOR
   69                   | TK_PR_STATIC tiposPrimitivos . TK_IDENTIFICADOR TK_OC_LE literais

    TK_IDENTIFICADOR  shift, and go to state 130


State 98

   59 localVarDefinition: TK_IDENTIFICADOR TK_IDENTIFICADOR .

    $default  reduce using rule 59 (localVarDefinition)


State 99

   73 assignment: TK_IDENTIFICADOR '[' . expression ']' '=' expression
   75           | TK_IDENTIFICADOR '[' . expression ']' '$' TK_IDENTIFICADOR '=' expression

    TK_LIT_INT        shift, and go to state 83
    TK_LIT_FLOAT      shift, and go to state 84
    TK_IDENTIFICADOR  shift, and go to state 85
    '('               shift, and go to state 86
    '-'               shift, and go to state 87
    '+'               shift, and go to state 88

    expression            go to state 131
    parenthesisOrOperand  go to state 90
    arithmeticOperand     go to state 91


State 100

   81 funcCall: TK_IDENTIFICADOR '(' . argsCall ')'

    TK_LIT_INT        shift, and go to state 83
    TK_LIT_FLOAT      shift, and go to state 84
    TK_IDENTIFICADOR  shift, and go to state 85
    '('               shift, and go to state 86
    '.'               shift, and go to state 132
    '-'               shift, and go to state 87
    '+'               shift, and go to state 88

    argsCall              go to state 133
    argCall               go to state 134
    expression            go to state 135
    parenthesisOrOperand  go to state 90
    arithmeticOperand     go to state 91


State 101

   72 assignment: TK_IDENTIFICADOR '=' . expression

    TK_LIT_INT        shift, and go to state 83
    TK_LIT_FLOAT      shift, and go to state 84
    TK_IDENTIFICADOR  shift, and go to state 85
    '('               shift, and go to state 86
    '-'               shift, and go to state 87
    '+'               shift, and go to state 88

    expression            go to state 136
    parenthesisOrOperand  go to state 90
    arithmeticOperand     go to state 91


State 102

   74 assignment: TK_IDENTIFICADOR '$' . TK_IDENTIFICADOR '=' expression

    TK_IDENTIFICADOR  shift, and go to state 137


State 103

   63 localVarDefinition: tiposPrimitivos TK_IDENTIFICADOR .
   67                   | tiposPrimitivos TK_IDENTIFICADOR . TK_OC_LE TK_IDENTIFICADOR
   71                   | tiposPrimitivos TK_IDENTIFICADOR . TK_OC_LE literais

    TK_OC_LE  shift, and go to state 138

    $default  reduce using rule 63 (localVarDefinition)


State 104

   50 comandos: comando comandos .

    $default  reduce using rule 50 (comandos)


State 105

   46 blocoComandos: '{' comandos '}' .

    $default  reduce using rule 46 (blocoComandos)


State 106

   48 comando: comandoSimples ';' .

    $default  reduce using rule 48 (comando)


State 107

   93 arithmeticOperand: TK_IDENTIFICADOR '[' . expression ']'

    TK_LIT_INT        shift, and go to state 83
    TK_LIT_FLOAT      shift, and go to state 84
    TK_IDENTIFICADOR  shift, and go to state 85
    '('               shift, and go to state 86
    '-'               shift, and go to state 87
    '+'               shift, and go to state 88

    expression            go to state 139
    parenthesisOrOperand  go to state 90
    arithmeticOperand     go to state 91


State 108

   88 parenthesisOrOperand: '(' expression . ')'

    ')'  shift, and go to state 140


State 109

  100 unaryArithmeticOperand: TK_LIT_INT .

    $default  reduce using rule 100 (unaryArithmeticOperand)


State 110

  101 unaryArithmeticOperand: TK_LIT_FLOAT .

    $default  reduce using rule 101 (unaryArithmeticOperand)


State 111

   98 unaryArithmeticOperand: TK_IDENTIFICADOR .
   99                       | TK_IDENTIFICADOR . '[' expression ']'

    '['  shift, and go to state 141

    $default  reduce using rule 98 (unaryArithmeticOperand)


State 112

   90 parenthesisOrOperand: '-' '(' . expression ')'

    TK_LIT_INT        shift, and go to state 83
    TK_LIT_FLOAT      shift, and go to state 84
    TK_IDENTIFICADOR  shift, and go to state 85
    '('               shift, and go to state 86
    '-'               shift, and go to state 87
    '+'               shift, and go to state 88

    expression            go to state 142
    parenthesisOrOperand  go to state 90
    arithmeticOperand     go to state 91


State 113

   97 arithmeticOperand: '-' unaryArithmeticOperand .

    $default  reduce using rule 97 (arithmeticOperand)


State 114

   91 parenthesisOrOperand: '+' '(' . expression ')'

    TK_LIT_INT        shift, and go to state 83
    TK_LIT_FLOAT      shift, and go to state 84
    TK_IDENTIFICADOR  shift, and go to state 85
    '('               shift, and go to state 86
    '-'               shift, and go to state 87
    '+'               shift, and go to state 88

    expression            go to state 143
    parenthesisOrOperand  go to state 90
    arithmeticOperand     go to state 91


State 115

   96 arithmeticOperand: '+' unaryArithmeticOperand .

    $default  reduce using rule 96 (arithmeticOperand)


State 116

  103 arithmeticOperator: '-' .

    $default  reduce using rule 103 (arithmeticOperator)


State 117

  102 arithmeticOperator: '+' .

    $default  reduce using rule 102 (arithmeticOperator)


State 118

  104 arithmeticOperator: '*' .

    $default  reduce using rule 104 (arithmeticOperator)


State 119

  105 arithmeticOperator: '/' .

    $default  reduce using rule 105 (arithmeticOperator)


State 120

  106 arithmeticOperator: '%' .

    $default  reduce using rule 106 (arithmeticOperator)


State 121

  107 arithmeticOperator: '^' .

    $default  reduce using rule 107 (arithmeticOperator)


State 122

   86 expression: parenthesisOrOperand arithmeticOperator . expression

    TK_LIT_INT        shift, and go to state 83
    TK_LIT_FLOAT      shift, and go to state 84
    TK_IDENTIFICADOR  shift, and go to state 85
    '('               shift, and go to state 86
    '-'               shift, and go to state 87
    '+'               shift, and go to state 88

    expression            go to state 144
    parenthesisOrOperand  go to state 90
    arithmeticOperand     go to state 91


State 123

   79 continueOutput: ',' . expression
   80               | ',' . expression continueOutput

    TK_LIT_INT        shift, and go to state 83
    TK_LIT_FLOAT      shift, and go to state 84
    TK_IDENTIFICADOR  shift, and go to state 85
    '('               shift, and go to state 86
    '-'               shift, and go to state 87
    '+'               shift, and go to state 88

    expression            go to state 145
    parenthesisOrOperand  go to state 90
    arithmeticOperand     go to state 91


State 124

   77 output: TK_PR_OUTPUT expression continueOutput .

    $default  reduce using rule 77 (output)


State 125

   57 localVarDefinition: TK_PR_CONST TK_IDENTIFICADOR TK_IDENTIFICADOR .

    $default  reduce using rule 57 (localVarDefinition)


State 126

   61 localVarDefinition: TK_PR_CONST tiposPrimitivos TK_IDENTIFICADOR .
   65                   | TK_PR_CONST tiposPrimitivos TK_IDENTIFICADOR . TK_OC_LE TK_IDENTIFICADOR
   70                   | TK_PR_CONST tiposPrimitivos TK_IDENTIFICADOR . TK_OC_LE literais

    TK_OC_LE  shift, and go to state 146

    $default  reduce using rule 61 (localVarDefinition)


State 127

   58 localVarDefinition: TK_PR_STATIC TK_PR_CONST TK_IDENTIFICADOR . TK_IDENTIFICADOR

    TK_IDENTIFICADOR  shift, and go to state 147


State 128

   62 localVarDefinition: TK_PR_STATIC TK_PR_CONST tiposPrimitivos . TK_IDENTIFICADOR
   66                   | TK_PR_STATIC TK_PR_CONST tiposPrimitivos . TK_IDENTIFICADOR TK_OC_LE TK_IDENTIFICADOR
   68                   | TK_PR_STATIC TK_PR_CONST tiposPrimitivos . TK_IDENTIFICADOR TK_OC_LE literais

    TK_IDENTIFICADOR  shift, and go to state 148


State 129

   56 localVarDefinition: TK_PR_STATIC TK_IDENTIFICADOR TK_IDENTIFICADOR .

    $default  reduce using rule 56 (localVarDefinition)


State 130

   60 localVarDefinition: TK_PR_STATIC tiposPrimitivos TK_IDENTIFICADOR .
   64                   | TK_PR_STATIC tiposPrimitivos TK_IDENTIFICADOR . TK_OC_LE TK_IDENTIFICADOR
   69                   | TK_PR_STATIC tiposPrimitivos TK_IDENTIFICADOR . TK_OC_LE literais

    TK_OC_LE  shift, and go to state 149

    $default  reduce using rule 60 (localVarDefinition)


State 131

   73 assignment: TK_IDENTIFICADOR '[' expression . ']' '=' expression
   75           | TK_IDENTIFICADOR '[' expression . ']' '$' TK_IDENTIFICADOR '=' expression

    ']'  shift, and go to state 150


State 132

   85 argCall: '.' .

    $default  reduce using rule 85 (argCall)


State 133

   81 funcCall: TK_IDENTIFICADOR '(' argsCall . ')'
   83 argsCall: argsCall . ',' argCall

    ','  shift, and go to state 151
    ')'  shift, and go to state 152


State 134

   82 argsCall: argCall .

    $default  reduce using rule 82 (argsCall)


State 135

   84 argCall: expression .

    $default  reduce using rule 84 (argCall)


State 136

   72 assignment: TK_IDENTIFICADOR '=' expression .

    $default  reduce using rule 72 (assignment)


State 137

   74 assignment: TK_IDENTIFICADOR '$' TK_IDENTIFICADOR . '=' expression

    '='  shift, and go to state 153


State 138

   67 localVarDefinition: tiposPrimitivos TK_IDENTIFICADOR TK_OC_LE . TK_IDENTIFICADOR
   71                   | tiposPrimitivos TK_IDENTIFICADOR TK_OC_LE . literais

    TK_LIT_INT        shift, and go to state 154
    TK_LIT_FLOAT      shift, and go to state 155
    TK_LIT_FALSE      shift, and go to state 156
    TK_LIT_TRUE       shift, and go to state 157
    TK_LIT_CHAR       shift, and go to state 158
    TK_LIT_STRING     shift, and go to state 159
    TK_IDENTIFICADOR  shift, and go to state 160

    literais  go to state 161


State 139

   93 arithmeticOperand: TK_IDENTIFICADOR '[' expression . ']'

    ']'  shift, and go to state 162


State 140

   88 parenthesisOrOperand: '(' expression ')' .

    $default  reduce using rule 88 (parenthesisOrOperand)


State 141

   99 unaryArithmeticOperand: TK_IDENTIFICADOR '[' . expression ']'

    TK_LIT_INT        shift, and go to state 83
    TK_LIT_FLOAT      shift, and go to state 84
    TK_IDENTIFICADOR  shift, and go to state 85
    '('               shift, and go to state 86
    '-'               shift, and go to state 87
    '+'               shift, and go to state 88

    expression            go to state 163
    parenthesisOrOperand  go to state 90
    arithmeticOperand     go to state 91


State 142

   90 parenthesisOrOperand: '-' '(' expression . ')'

    ')'  shift, and go to state 164


State 143

   91 parenthesisOrOperand: '+' '(' expression . ')'

    ')'  shift, and go to state 165


State 144

   86 expression: parenthesisOrOperand arithmeticOperator expression .

    $default  reduce using rule 86 (expression)


State 145

   79 continueOutput: ',' expression .
   80               | ',' expression . continueOutput

    ','  shift, and go to state 123

    $default  reduce using rule 79 (continueOutput)

    continueOutput  go to state 166


State 146

   65 localVarDefinition: TK_PR_CONST tiposPrimitivos TK_IDENTIFICADOR TK_OC_LE . TK_IDENTIFICADOR
   70                   | TK_PR_CONST tiposPrimitivos TK_IDENTIFICADOR TK_OC_LE . literais

    TK_LIT_INT        shift, and go to state 154
    TK_LIT_FLOAT      shift, and go to state 155
    TK_LIT_FALSE      shift, and go to state 156
    TK_LIT_TRUE       shift, and go to state 157
    TK_LIT_CHAR       shift, and go to state 158
    TK_LIT_STRING     shift, and go to state 159
    TK_IDENTIFICADOR  shift, and go to state 167

    literais  go to state 168


State 147

   58 localVarDefinition: TK_PR_STATIC TK_PR_CONST TK_IDENTIFICADOR TK_IDENTIFICADOR .

    $default  reduce using rule 58 (localVarDefinition)


State 148

   62 localVarDefinition: TK_PR_STATIC TK_PR_CONST tiposPrimitivos TK_IDENTIFICADOR .
   66                   | TK_PR_STATIC TK_PR_CONST tiposPrimitivos TK_IDENTIFICADOR . TK_OC_LE TK_IDENTIFICADOR
   68                   | TK_PR_STATIC TK_PR_CONST tiposPrimitivos TK_IDENTIFICADOR . TK_OC_LE literais

    TK_OC_LE  shift, and go to state 169

    $default  reduce using rule 62 (localVarDefinition)


State 149

   64 localVarDefinition: TK_PR_STATIC tiposPrimitivos TK_IDENTIFICADOR TK_OC_LE . TK_IDENTIFICADOR
   69                   | TK_PR_STATIC tiposPrimitivos TK_IDENTIFICADOR TK_OC_LE . literais

    TK_LIT_INT        shift, and go to state 154
    TK_LIT_FLOAT      shift, and go to state 155
    TK_LIT_FALSE      shift, and go to state 156
    TK_LIT_TRUE       shift, and go to state 157
    TK_LIT_CHAR       shift, and go to state 158
    TK_LIT_STRING     shift, and go to state 159
    TK_IDENTIFICADOR  shift, and go to state 170

    literais  go to state 171


State 150

   73 assignment: TK_IDENTIFICADOR '[' expression ']' . '=' expression
   75           | TK_IDENTIFICADOR '[' expression ']' . '$' TK_IDENTIFICADOR '=' expression

    '='  shift, and go to state 172
    '$'  shift, and go to state 173


State 151

   83 argsCall: argsCall ',' . argCall

    TK_LIT_INT        shift, and go to state 83
    TK_LIT_FLOAT      shift, and go to state 84
    TK_IDENTIFICADOR  shift, and go to state 85
    '('               shift, and go to state 86
    '.'               shift, and go to state 132
    '-'               shift, and go to state 87
    '+'               shift, and go to state 88

    argCall               go to state 174
    expression            go to state 135
    parenthesisOrOperand  go to state 90
    arithmeticOperand     go to state 91


State 152

   81 funcCall: TK_IDENTIFICADOR '(' argsCall ')' .

    $default  reduce using rule 81 (funcCall)


State 153

   74 assignment: TK_IDENTIFICADOR '$' TK_IDENTIFICADOR '=' . expression

    TK_LIT_INT        shift, and go to state 83
    TK_LIT_FLOAT      shift, and go to state 84
    TK_IDENTIFICADOR  shift, and go to state 85
    '('               shift, and go to state 86
    '-'               shift, and go to state 87
    '+'               shift, and go to state 88

    expression            go to state 175
    parenthesisOrOperand  go to state 90
    arithmeticOperand     go to state 91


State 154

   28 literais: TK_LIT_INT .

    $default  reduce using rule 28 (literais)


State 155

   29 literais: TK_LIT_FLOAT .

    $default  reduce using rule 29 (literais)


State 156

   30 literais: TK_LIT_FALSE .

    $default  reduce using rule 30 (literais)


State 157

   31 literais: TK_LIT_TRUE .

    $default  reduce using rule 31 (literais)


State 158

   32 literais: TK_LIT_CHAR .

    $default  reduce using rule 32 (literais)


State 159

   33 literais: TK_LIT_STRING .

    $default  reduce using rule 33 (literais)


State 160

   67 localVarDefinition: tiposPrimitivos TK_IDENTIFICADOR TK_OC_LE TK_IDENTIFICADOR .

    $default  reduce using rule 67 (localVarDefinition)


State 161

   71 localVarDefinition: tiposPrimitivos TK_IDENTIFICADOR TK_OC_LE literais .

    $default  reduce using rule 71 (localVarDefinition)


State 162

   93 arithmeticOperand: TK_IDENTIFICADOR '[' expression ']' .

    $default  reduce using rule 93 (arithmeticOperand)


State 163

   99 unaryArithmeticOperand: TK_IDENTIFICADOR '[' expression . ']'

    ']'  shift, and go to state 176


State 164

   90 parenthesisOrOperand: '-' '(' expression ')' .

    $default  reduce using rule 90 (parenthesisOrOperand)


State 165

   91 parenthesisOrOperand: '+' '(' expression ')' .

    $default  reduce using rule 91 (parenthesisOrOperand)


State 166

   80 continueOutput: ',' expression continueOutput .

    $default  reduce using rule 80 (continueOutput)


State 167

   65 localVarDefinition: TK_PR_CONST tiposPrimitivos TK_IDENTIFICADOR TK_OC_LE TK_IDENTIFICADOR .

    $default  reduce using rule 65 (localVarDefinition)


State 168

   70 localVarDefinition: TK_PR_CONST tiposPrimitivos TK_IDENTIFICADOR TK_OC_LE literais .

    $default  reduce using rule 70 (localVarDefinition)


State 169

   66 localVarDefinition: TK_PR_STATIC TK_PR_CONST tiposPrimitivos TK_IDENTIFICADOR TK_OC_LE . TK_IDENTIFICADOR
   68                   | TK_PR_STATIC TK_PR_CONST tiposPrimitivos TK_IDENTIFICADOR TK_OC_LE . literais

    TK_LIT_INT        shift, and go to state 154
    TK_LIT_FLOAT      shift, and go to state 155
    TK_LIT_FALSE      shift, and go to state 156
    TK_LIT_TRUE       shift, and go to state 157
    TK_LIT_CHAR       shift, and go to state 158
    TK_LIT_STRING     shift, and go to state 159
    TK_IDENTIFICADOR  shift, and go to state 177

    literais  go to state 178


State 170

   64 localVarDefinition: TK_PR_STATIC tiposPrimitivos TK_IDENTIFICADOR TK_OC_LE TK_IDENTIFICADOR .

    $default  reduce using rule 64 (localVarDefinition)


State 171

   69 localVarDefinition: TK_PR_STATIC tiposPrimitivos TK_IDENTIFICADOR TK_OC_LE literais .

    $default  reduce using rule 69 (localVarDefinition)


State 172

   73 assignment: TK_IDENTIFICADOR '[' expression ']' '=' . expression

    TK_LIT_INT        shift, and go to state 83
    TK_LIT_FLOAT      shift, and go to state 84
    TK_IDENTIFICADOR  shift, and go to state 85
    '('               shift, and go to state 86
    '-'               shift, and go to state 87
    '+'               shift, and go to state 88

    expression            go to state 179
    parenthesisOrOperand  go to state 90
    arithmeticOperand     go to state 91


State 173

   75 assignment: TK_IDENTIFICADOR '[' expression ']' '$' . TK_IDENTIFICADOR '=' expression

    TK_IDENTIFICADOR  shift, and go to state 180


State 174

   83 argsCall: argsCall ',' argCall .

    $default  reduce using rule 83 (argsCall)


State 175

   74 assignment: TK_IDENTIFICADOR '$' TK_IDENTIFICADOR '=' expression .

    $default  reduce using rule 74 (assignment)


State 176

   99 unaryArithmeticOperand: TK_IDENTIFICADOR '[' expression ']' .

    $default  reduce using rule 99 (unaryArithmeticOperand)


State 177

   66 localVarDefinition: TK_PR_STATIC TK_PR_CONST tiposPrimitivos TK_IDENTIFICADOR TK_OC_LE TK_IDENTIFICADOR .

    $default  reduce using rule 66 (localVarDefinition)


State 178

   68 localVarDefinition: TK_PR_STATIC TK_PR_CONST tiposPrimitivos TK_IDENTIFICADOR TK_OC_LE literais .

    $default  reduce using rule 68 (localVarDefinition)


State 179

   73 assignment: TK_IDENTIFICADOR '[' expression ']' '=' expression .

    $default  reduce using rule 73 (assignment)


State 180

   75 assignment: TK_IDENTIFICADOR '[' expression ']' '$' TK_IDENTIFICADOR . '=' expression

    '='  shift, and go to state 181


State 181

   75 assignment: TK_IDENTIFICADOR '[' expression ']' '$' TK_IDENTIFICADOR '=' . expression

    TK_LIT_INT        shift, and go to state 83
    TK_LIT_FLOAT      shift, and go to state 84
    TK_IDENTIFICADOR  shift, and go to state 85
    '('               shift, and go to state 86
    '-'               shift, and go to state 87
    '+'               shift, and go to state 88

    expression            go to state 182
    parenthesisOrOperand  go to state 90
    arithmeticOperand     go to state 91


State 182

   75 assignment: TK_IDENTIFICADOR '[' expression ']' '$' TK_IDENTIFICADOR '=' expression .

    $default  reduce using rule 75 (assignment)
